<?xml version="1.0" encoding="UTF-8"?>
<!-- Generated by org.testng.reporters.JUnitXMLReporter -->
<testsuite ignored="0" hostname="TarushDubale" failures="0" tests="3" name="Default test" time="142.476" errors="0" timestamp="2024-10-16T20:29:25 IST">
  <testcase classname="dataprovider.DataProviderClass" name="login" time="48.524"/>
  <testcase classname="dataprovider.DataProviderClass" name="login" time="45.858"/>
  <testcase classname="dataprovider.DataProviderClass" name="login" time="48.02"/>
</testsuite> <!-- Default test -->
