<?xml version="1.0" encoding="UTF-8"?>
<testng-results ignored="0" total="3" passed="3" failed="0" skipped="0">
  <reporter-output>
  </reporter-output>
  <suite started-at="2024-10-16T20:27:03 IST" name="Default suite" finished-at="2024-10-16T20:29:25 IST" duration-ms="142476">
    <groups>
    </groups>
    <test started-at="2024-10-16T20:27:03 IST" name="Default test" finished-at="2024-10-16T20:29:25 IST" duration-ms="142476">
      <class name="dataprovider.DataProviderClass">
        <test-method signature="login(java.lang.String,java.lang.String)[pri:0, instance:dataprovider.DataProviderClass@6af93788]" started-at="2024-10-16T20:27:03 IST" name="login" data-provider="dataProvider" finished-at="2024-10-16T20:27:51 IST" duration-ms="48524" status="PASS">
          <params>
            <param index="0">
              <value>
                <![CDATA[student]]>
              </value>
            </param>
            <param index="1">
              <value>
                <![CDATA[Password123]]>
              </value>
            </param>
          </params>
          <reporter-output>
          </reporter-output>
        </test-method> <!-- login -->
        <test-method signature="login(java.lang.String,java.lang.String)[pri:0, instance:dataprovider.DataProviderClass@6af93788]" started-at="2024-10-16T20:27:51 IST" name="login" data-provider="dataProvider" finished-at="2024-10-16T20:28:37 IST" duration-ms="45858" status="PASS">
          <params>
            <param index="0">
              <value>
                <![CDATA[abc]]>
              </value>
            </param>
            <param index="1">
              <value>
                <![CDATA[Password123]]>
              </value>
            </param>
          </params>
          <reporter-output>
          </reporter-output>
        </test-method> <!-- login -->
        <test-method signature="login(java.lang.String,java.lang.String)[pri:0, instance:dataprovider.DataProviderClass@6af93788]" started-at="2024-10-16T20:28:37 IST" name="login" data-provider="dataProvider" finished-at="2024-10-16T20:29:25 IST" duration-ms="48020" status="PASS">
          <params>
            <param index="0">
              <value>
                <![CDATA[student]]>
              </value>
            </param>
            <param index="1">
              <value>
                <![CDATA[5432]]>
              </value>
            </param>
          </params>
          <reporter-output>
          </reporter-output>
        </test-method> <!-- login -->
      </class> <!-- dataprovider.DataProviderClass -->
    </test> <!-- Default test -->
  </suite> <!-- Default suite -->
</testng-results>
